<?xml version="1.0" encoding="UTF-8"?>
<testng-results ignored="0" total="5" passed="5" failed="0" skipped="0">
  <reporter-output>
  </reporter-output>
  <suite started-at="2025-04-01T15:26:43Z" name="Default suite" finished-at="2025-04-01T15:26:46Z" duration-ms="3013">
    <groups>
    </groups>
    <test started-at="2025-04-01T15:26:43Z" name="Default test" finished-at="2025-04-01T15:26:46Z" duration-ms="3013">
      <class name="org.testngapi.testngapi">
        <test-method signature="test1()[pri:0, instance:org.testngapi.testngapi@303cf2ba]" started-at="2025-04-01T15:26:43Z" name="test1" finished-at="2025-04-01T15:26:45Z" duration-ms="1512" status="PASS">
          <reporter-output>
          </reporter-output>
        </test-method> <!-- test1 -->
        <test-method signature="test2()[pri:0, instance:org.testngapi.testngapi@303cf2ba]" started-at="2025-04-01T15:26:45Z" name="test2" finished-at="2025-04-01T15:26:45Z" duration-ms="95" status="PASS">
          <reporter-output>
          </reporter-output>
        </test-method> <!-- test2 -->
        <test-method signature="testdelete()[pri:0, instance:org.testngapi.testngapi@303cf2ba]" started-at="2025-04-01T15:26:45Z" name="testdelete" finished-at="2025-04-01T15:26:45Z" duration-ms="391" status="PASS">
          <reporter-output>
          </reporter-output>
        </test-method> <!-- testdelete -->
        <test-method signature="testpost()[pri:0, instance:org.testngapi.testngapi@303cf2ba]" started-at="2025-04-01T15:26:45Z" name="testpost" finished-at="2025-04-01T15:26:46Z" duration-ms="403" status="PASS">
          <reporter-output>
          </reporter-output>
        </test-method> <!-- testpost -->
        <test-method signature="testput()[pri:0, instance:org.testngapi.testngapi@303cf2ba]" started-at="2025-04-01T15:26:46Z" name="testput" finished-at="2025-04-01T15:26:46Z" duration-ms="571" status="PASS">
          <reporter-output>
          </reporter-output>
        </test-method> <!-- testput -->
      </class> <!-- org.testngapi.testngapi -->
    </test> <!-- Default test -->
  </suite> <!-- Default suite -->
</testng-results>
