<?xml version="1.0" encoding="UTF-8"?>
<testng-results ignored="0" total="5" passed="5" failed="0" skipped="0">
  <reporter-output>
  </reporter-output>
  <suite started-at="2025-03-28T10:18:01Z" name="Default suite" finished-at="2025-03-28T10:18:04Z" duration-ms="3392">
    <groups>
    </groups>
    <test started-at="2025-03-28T10:18:01Z" name="Default test" finished-at="2025-03-28T10:18:04Z" duration-ms="3392">
      <class name="org.testngapi.testngapi">
        <test-method signature="test1()[pri:0, instance:org.testngapi.testngapi@17f9d882]" started-at="2025-03-28T10:18:01Z" name="test1" finished-at="2025-03-28T10:18:03Z" duration-ms="1809" status="PASS">
          <reporter-output>
          </reporter-output>
        </test-method> <!-- test1 -->
        <test-method signature="test2()[pri:0, instance:org.testngapi.testngapi@17f9d882]" started-at="2025-03-28T10:18:03Z" name="test2" finished-at="2025-03-28T10:18:03Z" duration-ms="83" status="PASS">
          <reporter-output>
          </reporter-output>
        </test-method> <!-- test2 -->
        <test-method signature="testdelete()[pri:0, instance:org.testngapi.testngapi@17f9d882]" started-at="2025-03-28T10:18:03Z" name="testdelete" finished-at="2025-03-28T10:18:03Z" duration-ms="441" status="PASS">
          <reporter-output>
          </reporter-output>
        </test-method> <!-- testdelete -->
        <test-method signature="testpost()[pri:0, instance:org.testngapi.testngapi@17f9d882]" started-at="2025-03-28T10:18:03Z" name="testpost" finished-at="2025-03-28T10:18:04Z" duration-ms="507" status="PASS">
          <reporter-output>
          </reporter-output>
        </test-method> <!-- testpost -->
        <test-method signature="testput()[pri:0, instance:org.testngapi.testngapi@17f9d882]" started-at="2025-03-28T10:18:04Z" name="testput" finished-at="2025-03-28T10:18:04Z" duration-ms="511" status="PASS">
          <reporter-output>
          </reporter-output>
        </test-method> <!-- testput -->
      </class> <!-- org.testngapi.testngapi -->
    </test> <!-- Default test -->
  </suite> <!-- Default suite -->
</testng-results>
