<?xml version="1.0" encoding="UTF-8"?>
<!-- Generated by org.testng.reporters.JUnitXMLReporter -->
<testsuite ignored="0" hostname="Vasanth-Beulah" failures="0" tests="5" name="Default test" time="3.392" errors="0" timestamp="28 Mar 2025 10:18:05 GMT">
  <testcase classname="org.testngapi.testngapi" name="test1" time="1.809"/>
  <testcase classname="org.testngapi.testngapi" name="test2" time="0.083"/>
  <testcase classname="org.testngapi.testngapi" name="testdelete" time="0.441"/>
  <testcase classname="org.testngapi.testngapi" name="testpost" time="0.507"/>
  <testcase classname="org.testngapi.testngapi" name="testput" time="0.511"/>
</testsuite> <!-- Default test -->
