<?xml version="1.0" encoding="UTF-8"?>
<!-- Generated by org.testng.reporters.JUnitXMLReporter -->
<testsuite ignored="0" hostname="Vasanth-Beulah" failures="0" tests="5" name="Default test" time="3.013" errors="0" timestamp="01 Apr 2025 15:26:46 GMT">
  <testcase classname="org.testngapi.testngapi" name="test1" time="1.512"/>
  <testcase classname="org.testngapi.testngapi" name="test2" time="0.095"/>
  <testcase classname="org.testngapi.testngapi" name="testdelete" time="0.391"/>
  <testcase classname="org.testngapi.testngapi" name="testpost" time="0.403"/>
  <testcase classname="org.testngapi.testngapi" name="testput" time="0.571"/>
</testsuite> <!-- Default test -->
