<?xml version="1.0" encoding="UTF-8"?>
<!-- Generated by org.testng.reporters.JUnitXMLReporter -->
<testsuite ignored="0" hostname="Vasanth-Beulah" failures="0" tests="3" name="chrometest" time="19.888" errors="0" timestamp="13 Mar 2025 11:47:24 GMT">
  <testcase classname="org.Baseclass.datapro" name="fblogin" time="2.823"/>
  <testcase classname="org.Baseclass.datapro" name="fblogin" time="2.739"/>
  <testcase classname="org.Baseclass.datapro" name="fblogin" time="2.606"/>
</testsuite> <!-- chrometest -->
