<?xml version="1.0" encoding="UTF-8"?>
<!-- Generated by org.testng.reporters.JUnitXMLReporter -->
<testsuite ignored="0" hostname="Vasanth-Beulah" failures="0" tests="3" name="chrometest" time="15.201" errors="0" timestamp="28 Feb 2025 12:48:12 GMT">
  <testcase classname="org.Baseclass.datapro" name="fblogin" time="2.663"/>
  <testcase classname="org.Baseclass.datapro" name="fblogin" time="2.478"/>
  <testcase classname="org.Baseclass.datapro" name="fblogin" time="2.487"/>
</testsuite> <!-- chrometest -->
