<?xml version="1.0" encoding="UTF-8"?>
<!-- Generated by org.testng.reporters.JUnitXMLReporter -->
<testsuite ignored="0" hostname="Vasanth-Beulah" failures="0" tests="3" name="Edge" time="26.744" errors="0" timestamp="13 Mar 2025 11:48:55 GMT">
  <testcase classname="org.Baseclass.datapro" name="fblogin" time="4.077"/>
  <testcase classname="org.Baseclass.datapro" name="fblogin" time="4.07"/>
  <testcase classname="org.Baseclass.datapro" name="fblogin" time="4.033"/>
</testsuite> <!-- Edge -->
