<?xml version="1.0" encoding="UTF-8"?>
<!-- Generated by org.testng.reporters.JUnitXMLReporter -->
<testsuite ignored="0" hostname="Vasanth-Beulah" failures="0" tests="3" name="Edge" time="20.347" errors="0" timestamp="28 Feb 2025 12:48:59 GMT">
  <testcase classname="org.Baseclass.datapro" name="fblogin" time="3.764"/>
  <testcase classname="org.Baseclass.datapro" name="fblogin" time="3.669"/>
  <testcase classname="org.Baseclass.datapro" name="fblogin" time="3.696"/>
</testsuite> <!-- Edge -->
