<?xml version="1.0" encoding="UTF-8"?>
<!-- Generated by org.testng.reporters.JUnitXMLReporter -->
<testsuite ignored="0" hostname="Vasanth-Beulah" failures="0" tests="3" name="firefox" time="26.197" errors="0" timestamp="28 Feb 2025 12:48:39 GMT">
  <testcase classname="org.Baseclass.datapro" name="fblogin" time="3.262"/>
  <testcase classname="org.Baseclass.datapro" name="fblogin" time="3.01"/>
  <testcase classname="org.Baseclass.datapro" name="fblogin" time="3.02"/>
</testsuite> <!-- firefox -->
