<?xml version="1.0" encoding="UTF-8"?>
<!-- Generated by org.testng.reporters.JUnitXMLReporter -->
<testsuite ignored="0" hostname="Vasanth-Beulah" failures="0" tests="3" name="firefox" time="64.652" errors="0" timestamp="13 Mar 2025 11:48:29 GMT">
  <testcase classname="org.Baseclass.datapro" name="fblogin" time="4.8"/>
  <testcase classname="org.Baseclass.datapro" name="fblogin" time="3.635"/>
  <testcase classname="org.Baseclass.datapro" name="fblogin" time="3.658"/>
</testsuite> <!-- firefox -->
