<?xml version="1.0" encoding="UTF-8"?>
<testng-results ignored="0" total="1" passed="1" failed="0" skipped="0">
  <reporter-output>
  </reporter-output>
  <suite started-at="2025-02-18T10:25:39Z" name="Default suite" finished-at="2025-02-18T10:26:05Z" duration-ms="26156">
    <groups>
    </groups>
    <test started-at="2025-02-18T10:25:39Z" name="Default test" finished-at="2025-02-18T10:26:05Z" duration-ms="26156">
      <class name="org.Baseclass.testngbaseexample">
        <test-method is-config="true" signature="launch()[pri:0, instance:org.Baseclass.testngbaseexample@5a59ca5e]" started-at="2025-02-18T10:25:39Z" name="launch" finished-at="2025-02-18T10:25:44Z" duration-ms="5876" status="PASS">
          <reporter-output>
          </reporter-output>
        </test-method> <!-- launch -->
        <test-method is-config="true" signature="screenshot1()[pri:0, instance:org.Baseclass.testngbaseexample@5a59ca5e]" started-at="2025-02-18T10:25:44Z" name="screenshot1" finished-at="2025-02-18T10:25:47Z" duration-ms="2619" status="PASS">
          <reporter-output>
          </reporter-output>
        </test-method> <!-- screenshot1 -->
        <test-method signature="logintest()[pri:0, instance:org.Baseclass.testngbaseexample@5a59ca5e]" started-at="2025-02-18T10:25:47Z" name="logintest" finished-at="2025-02-18T10:25:48Z" duration-ms="567" status="PASS">
          <reporter-output>
          </reporter-output>
        </test-method> <!-- logintest -->
        <test-method is-config="true" signature="screenshotd()[pri:0, instance:org.Baseclass.testngbaseexample@5a59ca5e]" started-at="2025-02-18T10:25:48Z" name="screenshotd" finished-at="2025-02-18T10:26:04Z" duration-ms="16596" status="PASS">
          <reporter-output>
          </reporter-output>
        </test-method> <!-- screenshotd -->
        <test-method is-config="true" signature="closebrowser1()[pri:0, instance:org.Baseclass.testngbaseexample@5a59ca5e]" started-at="2025-02-18T10:26:04Z" name="closebrowser1" finished-at="2025-02-18T10:26:05Z" duration-ms="458" status="PASS">
          <reporter-output>
          </reporter-output>
        </test-method> <!-- closebrowser1 -->
      </class> <!-- org.Baseclass.testngbaseexample -->
    </test> <!-- Default test -->
  </suite> <!-- Default suite -->
</testng-results>
